{"/Users/hendar/Desktop/project/binar/testing/pedaftaran/service/registration/registration.service.js": {"path":"/Users/hendar/Desktop/project/binar/testing/pedaftaran/service/registration/registration.service.js","statementMap":{"0":{"start":{"line":5,"column":8},"end":{"line":9,"column":9}},"1":{"start":{"line":6,"column":12},"end":{"line":6,"column":48}},"2":{"start":{"line":8,"column":12},"end":{"line":8,"column":32}},"3":{"start":{"line":13,"column":8},"end":{"line":13,"column":25}},"4":{"start":{"line":17,"column":0},"end":{"line":17,"column":22}}},"fnMap":{"0":{"name":"(anonymous_0)","decl":{"start":{"line":2,"column":4},"end":{"line":2,"column":5}},"loc":{"start":{"line":2,"column":39},"end":{"line":2,"column":41}},"line":2},"1":{"name":"(anonymous_1)","decl":{"start":{"line":4,"column":4},"end":{"line":4,"column":5}},"loc":{"start":{"line":4,"column":21},"end":{"line":10,"column":5}},"line":4},"2":{"name":"(anonymous_2)","decl":{"start":{"line":12,"column":4},"end":{"line":12,"column":5}},"loc":{"start":{"line":12,"column":14},"end":{"line":14,"column":5}},"line":12}},"branchMap":{"0":{"loc":{"start":{"line":5,"column":8},"end":{"line":9,"column":9}},"type":"if","locations":[{"start":{"line":5,"column":8},"end":{"line":9,"column":9}},{"start":{"line":7,"column":15},"end":{"line":9,"column":9}}],"line":5}},"s":{"0":3,"1":1,"2":2,"3":2,"4":1},"f":{"0":3,"1":3,"2":2},"b":{"0":[1,2]},"_coverageSchema":"1a1c01bbd47fc00a2c39e90264f33305004495a9","hash":"e1797e8c48639b442ac059876f260eea36f57fb3"}
}
